  clean.cpp
  delay.cpp
  event.cpp
f:\somecode\tuixiangzi\tuixiangzi-ege\event.cpp(48): error C4996: 'strcpy': This function or variable may be unsafe. Consider using strcpy_s instead. To disable deprecation, use _CRT_SECURE_NO_WARNINGS. See online help for details.
  e:\windows kits\10\include\10.0.17134.0\ucrt\string.h(133): note: 参见“strcpy”的声明
f:\somecode\tuixiangzi\tuixiangzi-ege\event.cpp(66): error C4996: 'strcpy': This function or variable may be unsafe. Consider using strcpy_s instead. To disable deprecation, use _CRT_SECURE_NO_WARNINGS. See online help for details.
  e:\windows kits\10\include\10.0.17134.0\ucrt\string.h(133): note: 参见“strcpy”的声明
f:\somecode\tuixiangzi\tuixiangzi-ege\event.cpp(85): error C4996: 'strcpy': This function or variable may be unsafe. Consider using strcpy_s instead. To disable deprecation, use _CRT_SECURE_NO_WARNINGS. See online help for details.
  e:\windows kits\10\include\10.0.17134.0\ucrt\string.h(133): note: 参见“strcpy”的声明
f:\somecode\tuixiangzi\tuixiangzi-ege\event.cpp(105): error C4996: 'strcpy': This function or variable may be unsafe. Consider using strcpy_s instead. To disable deprecation, use _CRT_SECURE_NO_WARNINGS. See online help for details.
  e:\windows kits\10\include\10.0.17134.0\ucrt\string.h(133): note: 参见“strcpy”的声明
f:\somecode\tuixiangzi\tuixiangzi-ege\event.cpp(124): error C4996: 'strcpy': This function or variable may be unsafe. Consider using strcpy_s instead. To disable deprecation, use _CRT_SECURE_NO_WARNINGS. See online help for details.
  e:\windows kits\10\include\10.0.17134.0\ucrt\string.h(133): note: 参见“strcpy”的声明
f:\somecode\tuixiangzi\tuixiangzi-ege\event.cpp(150): error C4996: 'strcpy': This function or variable may be unsafe. Consider using strcpy_s instead. To disable deprecation, use _CRT_SECURE_NO_WARNINGS. See online help for details.
  e:\windows kits\10\include\10.0.17134.0\ucrt\string.h(133): note: 参见“strcpy”的声明
f:\somecode\tuixiangzi\tuixiangzi-ege\event.cpp(168): error C4996: 'strcpy': This function or variable may be unsafe. Consider using strcpy_s instead. To disable deprecation, use _CRT_SECURE_NO_WARNINGS. See online help for details.
  e:\windows kits\10\include\10.0.17134.0\ucrt\string.h(133): note: 参见“strcpy”的声明
f:\somecode\tuixiangzi\tuixiangzi-ege\event.cpp(187): error C4996: 'strcpy': This function or variable may be unsafe. Consider using strcpy_s instead. To disable deprecation, use _CRT_SECURE_NO_WARNINGS. See online help for details.
  e:\windows kits\10\include\10.0.17134.0\ucrt\string.h(133): note: 参见“strcpy”的声明
f:\somecode\tuixiangzi\tuixiangzi-ege\event.cpp(207): error C4996: 'strcpy': This function or variable may be unsafe. Consider using strcpy_s instead. To disable deprecation, use _CRT_SECURE_NO_WARNINGS. See online help for details.
  e:\windows kits\10\include\10.0.17134.0\ucrt\string.h(133): note: 参见“strcpy”的声明
f:\somecode\tuixiangzi\tuixiangzi-ege\event.cpp(226): error C4996: 'strcpy': This function or variable may be unsafe. Consider using strcpy_s instead. To disable deprecation, use _CRT_SECURE_NO_WARNINGS. See online help for details.
  e:\windows kits\10\include\10.0.17134.0\ucrt\string.h(133): note: 参见“strcpy”的声明
f:\somecode\tuixiangzi\tuixiangzi-ege\event.cpp(266): error C4996: 'strcpy': This function or variable may be unsafe. Consider using strcpy_s instead. To disable deprecation, use _CRT_SECURE_NO_WARNINGS. See online help for details.
  e:\windows kits\10\include\10.0.17134.0\ucrt\string.h(133): note: 参见“strcpy”的声明
f:\somecode\tuixiangzi\tuixiangzi-ege\event.cpp(283): error C4996: 'strcpy': This function or variable may be unsafe. Consider using strcpy_s instead. To disable deprecation, use _CRT_SECURE_NO_WARNINGS. See online help for details.
  e:\windows kits\10\include\10.0.17134.0\ucrt\string.h(133): note: 参见“strcpy”的声明
f:\somecode\tuixiangzi\tuixiangzi-ege\event.cpp(301): error C4996: 'strcpy': This function or variable may be unsafe. Consider using strcpy_s instead. To disable deprecation, use _CRT_SECURE_NO_WARNINGS. See online help for details.
  e:\windows kits\10\include\10.0.17134.0\ucrt\string.h(133): note: 参见“strcpy”的声明
f:\somecode\tuixiangzi\tuixiangzi-ege\event.cpp(320): error C4996: 'strcpy': This function or variable may be unsafe. Consider using strcpy_s instead. To disable deprecation, use _CRT_SECURE_NO_WARNINGS. See online help for details.
  e:\windows kits\10\include\10.0.17134.0\ucrt\string.h(133): note: 参见“strcpy”的声明
f:\somecode\tuixiangzi\tuixiangzi-ege\event.cpp(338): error C4996: 'strcpy': This function or variable may be unsafe. Consider using strcpy_s instead. To disable deprecation, use _CRT_SECURE_NO_WARNINGS. See online help for details.
  e:\windows kits\10\include\10.0.17134.0\ucrt\string.h(133): note: 参见“strcpy”的声明
f:\somecode\tuixiangzi\tuixiangzi-ege\event.cpp(371): error C4996: 'strcpy': This function or variable may be unsafe. Consider using strcpy_s instead. To disable deprecation, use _CRT_SECURE_NO_WARNINGS. See online help for details.
  e:\windows kits\10\include\10.0.17134.0\ucrt\string.h(133): note: 参见“strcpy”的声明
f:\somecode\tuixiangzi\tuixiangzi-ege\event.cpp(388): error C4996: 'strcpy': This function or variable may be unsafe. Consider using strcpy_s instead. To disable deprecation, use _CRT_SECURE_NO_WARNINGS. See online help for details.
  e:\windows kits\10\include\10.0.17134.0\ucrt\string.h(133): note: 参见“strcpy”的声明
f:\somecode\tuixiangzi\tuixiangzi-ege\event.cpp(406): error C4996: 'strcpy': This function or variable may be unsafe. Consider using strcpy_s instead. To disable deprecation, use _CRT_SECURE_NO_WARNINGS. See online help for details.
  e:\windows kits\10\include\10.0.17134.0\ucrt\string.h(133): note: 参见“strcpy”的声明
f:\somecode\tuixiangzi\tuixiangzi-ege\event.cpp(425): error C4996: 'strcpy': This function or variable may be unsafe. Consider using strcpy_s instead. To disable deprecation, use _CRT_SECURE_NO_WARNINGS. See online help for details.
  e:\windows kits\10\include\10.0.17134.0\ucrt\string.h(133): note: 参见“strcpy”的声明
f:\somecode\tuixiangzi\tuixiangzi-ege\event.cpp(443): error C4996: 'strcpy': This function or variable may be unsafe. Consider using strcpy_s instead. To disable deprecation, use _CRT_SECURE_NO_WARNINGS. See online help for details.
  e:\windows kits\10\include\10.0.17134.0\ucrt\string.h(133): note: 参见“strcpy”的声明
  init.cpp
f:\somecode\tuixiangzi\tuixiangzi-ege\init.cpp(16): warning C4244: “参数”: 从“double”转换到“int”，可能丢失数据
  isend.cpp
  main.cpp
  render.cpp
f:\somecode\tuixiangzi\tuixiangzi-ege\render.cpp(70): error C4996: 'sprintf': This function or variable may be unsafe. Consider using sprintf_s instead. To disable deprecation, use _CRT_SECURE_NO_WARNINGS. See online help for details.
  e:\windows kits\10\include\10.0.17134.0\ucrt\stdio.h(1774): note: 参见“sprintf”的声明
f:\somecode\tuixiangzi\tuixiangzi-ege\render.cpp(93): error C4996: 'sprintf': This function or variable may be unsafe. Consider using sprintf_s instead. To disable deprecation, use _CRT_SECURE_NO_WARNINGS. See online help for details.
  e:\windows kits\10\include\10.0.17134.0\ucrt\stdio.h(1774): note: 参见“sprintf”的声明
f:\somecode\tuixiangzi\tuixiangzi-ege\render.cpp(96): error C4996: 'sprintf': This function or variable may be unsafe. Consider using sprintf_s instead. To disable deprecation, use _CRT_SECURE_NO_WARNINGS. See online help for details.
  e:\windows kits\10\include\10.0.17134.0\ucrt\stdio.h(1774): note: 参见“sprintf”的声明
f:\somecode\tuixiangzi\tuixiangzi-ege\render.cpp(161): error C4996: 'sprintf': This function or variable may be unsafe. Consider using sprintf_s instead. To disable deprecation, use _CRT_SECURE_NO_WARNINGS. See online help for details.
  e:\windows kits\10\include\10.0.17134.0\ucrt\stdio.h(1774): note: 参见“sprintf”的声明
f:\somecode\tuixiangzi\tuixiangzi-ege\render.cpp(291): error C4996: 'sprintf': This function or variable may be unsafe. Consider using sprintf_s instead. To disable deprecation, use _CRT_SECURE_NO_WARNINGS. See online help for details.
  e:\windows kits\10\include\10.0.17134.0\ucrt\stdio.h(1774): note: 参见“sprintf”的声明
f:\somecode\tuixiangzi\tuixiangzi-ege\render.cpp(294): error C4996: 'sprintf': This function or variable may be unsafe. Consider using sprintf_s instead. To disable deprecation, use _CRT_SECURE_NO_WARNINGS. See online help for details.
  e:\windows kits\10\include\10.0.17134.0\ucrt\stdio.h(1774): note: 参见“sprintf”的声明
f:\somecode\tuixiangzi\tuixiangzi-ege\render.cpp(384): warning C4244: “参数”: 从“double”转换到“int”，可能丢失数据
  update.cpp
f:\somecode\tuixiangzi\tuixiangzi-ege\update.cpp(171): error C4996: 'sprintf': This function or variable may be unsafe. Consider using sprintf_s instead. To disable deprecation, use _CRT_SECURE_NO_WARNINGS. See online help for details.
  e:\windows kits\10\include\10.0.17134.0\ucrt\stdio.h(1774): note: 参见“sprintf”的声明
f:\somecode\tuixiangzi\tuixiangzi-ege\update.cpp(172): error C4996: 'fopen': This function or variable may be unsafe. Consider using fopen_s instead. To disable deprecation, use _CRT_SECURE_NO_WARNINGS. See online help for details.
  e:\windows kits\10\include\10.0.17134.0\ucrt\stdio.h(208): note: 参见“fopen”的声明
f:\somecode\tuixiangzi\tuixiangzi-ege\update.cpp(179): error C4996: 'fscanf': This function or variable may be unsafe. Consider using fscanf_s instead. To disable deprecation, use _CRT_SECURE_NO_WARNINGS. See online help for details.
  e:\windows kits\10\include\10.0.17134.0\ucrt\stdio.h(1197): note: 参见“fscanf”的声明
f:\somecode\tuixiangzi\tuixiangzi-ege\update.cpp(182): error C4996: 'fscanf': This function or variable may be unsafe. Consider using fscanf_s instead. To disable deprecation, use _CRT_SECURE_NO_WARNINGS. See online help for details.
  e:\windows kits\10\include\10.0.17134.0\ucrt\stdio.h(1197): note: 参见“fscanf”的声明
f:\somecode\tuixiangzi\tuixiangzi-ege\update.cpp(250): error C4996: 'sprintf': This function or variable may be unsafe. Consider using sprintf_s instead. To disable deprecation, use _CRT_SECURE_NO_WARNINGS. See online help for details.
  e:\windows kits\10\include\10.0.17134.0\ucrt\stdio.h(1774): note: 参见“sprintf”的声明
f:\somecode\tuixiangzi\tuixiangzi-ege\update.cpp(251): error C4996: 'fopen': This function or variable may be unsafe. Consider using fopen_s instead. To disable deprecation, use _CRT_SECURE_NO_WARNINGS. See online help for details.
  e:\windows kits\10\include\10.0.17134.0\ucrt\stdio.h(208): note: 参见“fopen”的声明
f:\somecode\tuixiangzi\tuixiangzi-ege\update.cpp(248): warning C4101: “n”: 未引用的局部变量
f:\somecode\tuixiangzi\tuixiangzi-ege\update.cpp(274): error C4996: 'sprintf': This function or variable may be unsafe. Consider using sprintf_s instead. To disable deprecation, use _CRT_SECURE_NO_WARNINGS. See online help for details.
  e:\windows kits\10\include\10.0.17134.0\ucrt\stdio.h(1774): note: 参见“sprintf”的声明
f:\somecode\tuixiangzi\tuixiangzi-ege\update.cpp(275): error C4996: 'fopen': This function or variable may be unsafe. Consider using fopen_s instead. To disable deprecation, use _CRT_SECURE_NO_WARNINGS. See online help for details.
  e:\windows kits\10\include\10.0.17134.0\ucrt\stdio.h(208): note: 参见“fopen”的声明
f:\somecode\tuixiangzi\tuixiangzi-ege\update.cpp(282): error C4996: 'fscanf': This function or variable may be unsafe. Consider using fscanf_s instead. To disable deprecation, use _CRT_SECURE_NO_WARNINGS. See online help for details.
  e:\windows kits\10\include\10.0.17134.0\ucrt\stdio.h(1197): note: 参见“fscanf”的声明
f:\somecode\tuixiangzi\tuixiangzi-ege\update.cpp(285): error C4996: 'fscanf': This function or variable may be unsafe. Consider using fscanf_s instead. To disable deprecation, use _CRT_SECURE_NO_WARNINGS. See online help for details.
  e:\windows kits\10\include\10.0.17134.0\ucrt\stdio.h(1197): note: 参见“fscanf”的声明
  正在生成代码...
